--time not available-- init [DEBUG] Starting bootloader...
--time not available-- init [DEBUG] initializing ISRs...
--time not available-- init [DEBUG] initializing GDT...
--time not available-- init [DEBUG] initializing memory management...
--time not available-- mm [DEBUG] initializing page directory...
--time not available-- mm [DEBUG] setting up registers...
--time not available-- mm [DEBUG] testing whether invlpg available...
--time not available-- init [DEBUG] reloading VBR sector...
--time not available-- isr [DEBUG] adding trap handler to #03...
--time not available-- mm [DEBUG] mapped page 376-391 to 1024-1039
--time not available-- isr [DEBUG] adding intrrupt handler to #20...
--time not available-- init [DEBUG] initializing PIT...
--time not available-- init [DEBUG] early-initializing ACPI...
--time not available-- acpi [INFO] starting uACPI, version 3.1.0
--time not available-- mm [DEBUG] mapped page 245-245 to 245-245
--time not available-- acpi [INFO] RSDP 0x00000000000F52A0 00000014 v00 (BOCHS )
--time not available-- mm [DEBUG] mapped page 32738-32738 to 32738-32738
--time not available-- acpi [INFO] RSDT 0x0000000007FE230C 00000034 v01 (BOCHS  BXPC    )
--time not available-- mm [DEBUG] mapped page 32738-32738 to 32738-32738
--time not available-- mm [DEBUG] mapped page 32738-32738 to 32738-32738
--time not available-- mm [DEBUG] mapped page 32738-32738 to 32738-32738
--time not available-- mm [DEBUG] mapped page 32736-32736 to 32736-32736
--time not available-- acpi [INFO] DSDT 0x0000000007FE0040 00002180 v01 (BOCHS  BXPC    )
--time not available-- acpi [INFO] FACP 0x0000000007FE21C0 00000074 v01 (BOCHS  BXPC    )
--time not available-- mm [DEBUG] mapped page 32738-32738 to 32738-32738
--time not available-- acpi [INFO] APIC 0x0000000007FE2234 00000078 v03 (BOCHS  BXPC    )
--time not available-- mm [DEBUG] mapped page 32738-32738 to 32738-32738
--time not available-- acpi [INFO] HPET 0x0000000007FE22AC 00000038 v01 (BOCHS  BXPC    )
--time not available-- mm [DEBUG] mapped page 32738-32738 to 32738-32738
--time not available-- acpi [INFO] WAET 0x0000000007FE22E4 00000028 v01 (BOCHS  BXPC    )
--time not available-- init [DEBUG] running constructors...
--time not available-- init [DEBUG] initializing non-PnP devices...
--time not available-- i8042 [DEBUG] disabling all connected peripherals...
--time not available-- i8042 [DEBUG] flushing output buffer...
--time not available-- i8042 [DEBUG] disabling translation & IRQ...
--time not available-- i8042 [DEBUG] running controller self-test...
--time not available-- i8042 [DEBUG] disabling translation & IRQ again...
--time not available-- i8042 [DEBUG] checking if the second port is available...
--time not available-- i8042 [DEBUG] initializing second port...
--time not available-- ps2mse [DEBUG] registering interrupt service routine...
--time not available-- isr [DEBUG] adding intrrupt handler to #2C...
--time not available-- ps2mse [DEBUG] testing port...
--time not available-- i8042 [DEBUG] testing port #1
--time not available-- ps2mse [DEBUG] enabling port...
--time not available-- ps2mse [DEBUG] resetting mouse...
--time not available-- ps2mse [DEBUG] setting scale 2:1 mode...
--time not available-- ps2mse [DEBUG] setting sample rate...
--time not available-- ps2mse [DEBUG] enabling data reporting...
--time not available-- ps2mse [DEBUG] initialization success
--time not available-- i8042 [DEBUG] initializing first port...
--time not available-- ps2kbd [DEBUG] registering interrupt service routine...
--time not available-- isr [DEBUG] adding intrrupt handler to #21...
--time not available-- ps2kbd [DEBUG] testing port...
--time not available-- i8042 [DEBUG] testing port #0
--time not available-- ps2kbd [DEBUG] enabling port...
--time not available-- ps2kbd [DEBUG] resetting keyboard...
--time not available-- ps2kbd [DEBUG] trying scancode set 2...
--time not available-- ps2kbd [DEBUG] initialization success
--time not available-- i8042 [DEBUG] initialization success
2025-12-20T07:37:42.000Z isr [DEBUG] adding intrrupt handler to #28...
2025-12-20T07:37:42.000Z uart_isa [DEBUG] initialization success
2025-12-20T07:37:42.000Z ieee1284_isa [DEBUG] initialization success
2025-12-20T07:37:42.000Z isr [DEBUG] adding intrrupt handler to #26...
2025-12-20T07:37:42.000Z floppy [DEBUG] initialization success
2025-12-20T07:37:42.000Z floppy [DEBUG] initialization success
2025-12-20T07:37:42.000Z floppy [DEBUG] initialization success
2025-12-20T07:37:42.000Z floppy [DEBUG] initialization success
2025-12-20T07:37:42.000Z fdc_isa [DEBUG] initialization success
2025-12-20T07:37:42.000Z ide_isa [DEBUG] registering interrupt service routine...
2025-12-20T07:37:42.000Z isr [DEBUG] adding intrrupt handler to #2E...
2025-12-20T07:37:42.000Z ide_isa [DEBUG] detecting master device...
2025-12-20T07:37:42.000Z ide_isa [DEBUG] soft-resetting bus...
2025-12-20T07:37:42.000Z ide_isa [DEBUG] switching device...
2025-12-20T07:37:42.000Z ide_isa [DEBUG] sending IDENTIFY DEVICE command...
2025-12-20T07:37:42.000Z ide_isa [DEBUG] master device detected as ata
2025-12-20T07:37:42.000Z ide_isa [DEBUG] detecting slave device...
2025-12-20T07:37:42.000Z ide_isa [DEBUG] soft-resetting bus...
2025-12-20T07:37:42.000Z ide_isa [DEBUG] switching device...
2025-12-20T07:37:42.000Z ide_isa [DEBUG] sending IDENTIFY PACKET DEVICE command...
2025-12-20T07:37:42.000Z ide_isa [DEBUG] slave device detected as atapi
2025-12-20T07:37:42.000Z ide_isa [DEBUG] initializing master device...
2025-12-20T07:37:42.000Z ata [DEBUG] identifying device...
2025-12-20T07:37:42.000Z ide_isa [DEBUG] switching device...
2025-12-20T07:37:42.000Z ata [DEBUG] detecting partition table...
2025-12-20T07:37:42.000Z ide_isa [DEBUG] initializing slave device...
2025-12-20T07:37:42.000Z atapi [DEBUG] identifying device...
2025-12-20T07:37:42.000Z ide_isa [DEBUG] switching device...
2025-12-20T07:37:42.000Z atapi [DEBUG] initialization success
2025-12-20T07:37:42.000Z ide_isa [DEBUG] initialization success
2025-12-20T07:37:42.000Z ide_isa [DEBUG] registering interrupt service routine...
2025-12-20T07:37:42.000Z isr [DEBUG] adding intrrupt handler to #2F...
2025-12-20T07:37:42.000Z ide_isa [DEBUG] detecting master device...
2025-12-20T07:37:42.000Z ide_isa [DEBUG] soft-resetting bus...
2025-12-20T07:37:42.000Z ide_isa [DEBUG] switching device...
2025-12-20T07:37:42.000Z ide_isa [DEBUG] master device not detected
2025-12-20T07:37:42.000Z ide_isa [DEBUG] detecting slave device...
2025-12-20T07:37:42.000Z ide_isa [DEBUG] soft-resetting bus...
2025-12-20T07:37:42.000Z ide_isa [DEBUG] switching device...
2025-12-20T07:37:42.000Z ide_isa [DEBUG] slave device not detected
2025-12-20T07:37:42.000Z ide_isa [DEBUG] initialization success
2025-12-20T07:37:42.000Z vga [DEBUG] checking wheter VBE is supported...
2025-12-20T07:37:42.000Z vga [DEBUG] VBE supported
2025-12-20T07:37:42.000Z vga [DEBUG] checking whether VBE offers non-VBE video modes...
2025-12-20T07:37:42.000Z vga [DEBUG] getting current video mode...
2025-12-20T07:37:42.000Z vga [DEBUG] falling back to default video mode...
2025-12-20T07:37:42.000Z vga [DEBUG] getting video mode info...
2025-12-20T07:37:42.000Z vga [DEBUG] (re)allocating character buffer...
2025-12-20T07:37:42.000Z vga [DEBUG] (re)allocating diff buffer...
2025-12-20T07:37:42.000Z vga [DEBUG] setting video mode...
2025-12-20T07:37:42.000Z vga [DEBUG] initialization success
2025-12-20T07:37:42.000Z init [DEBUG] initializing ACPI...
2025-12-20T07:37:42.000Z mm [DEBUG] mapped page 32736-32736 to 32736-32736
2025-12-20T07:37:42.000Z mm [DEBUG] mapped page 32736-32736 to 32736-32736
2025-12-20T07:37:42.000Z acpi [INFO] FACS 0x0000000007FE0000 00000040
2025-12-20T07:37:43.000Z acpi [ERROR] hardware time out while changing modes
2025-12-20T07:37:43.000Z acpi [WARN] unable to enter acpi mode: timed out waiting for hardware response
2025-12-20T07:37:43.000Z mm [DEBUG] mapped page 32736-32738 to 32736-32738
2025-12-20T07:37:43.000Z mm [DEBUG] mapped page 394-409 to 1040-1055
2025-12-20T07:37:43.000Z mm [DEBUG] mapped page 410-425 to 1056-1071
2025-12-20T07:37:43.000Z acpi [INFO] successfully loaded 1 AML blob, 565 ops in 37ms (avg 15213/s)
2025-12-20T07:37:43.000Z isr [DEBUG] adding intrrupt handler to #09...
2025-12-20T07:37:43.000Z mm [DEBUG] mapped page 1043712-1043712 to 1043712-1043712
2025-12-20T07:37:43.000Z acpi [INFO] namespace initialization done in 12ms: 54 devices, 0 thermal zones
2025-12-20T07:37:43.000Z acpi [INFO] enabled 2 GPEs in block _GPE@[0->16]
2025-12-20T07:37:43.000Z acpi [WARN] GPE(00) fired but no handler, keeping disabled
2025-12-20T07:37:43.000Z acpi [WARN] GPE(03) fired but no handler, keeping disabled
2025-12-20T07:37:43.000Z acpi [WARN] GPE(04) fired but no handler, keeping disabled
2025-12-20T07:37:43.000Z acpi [WARN] GPE(05) fired but no handler, keeping disabled
2025-12-20T07:37:43.000Z acpi [WARN] GPE(06) fired but no handler, keeping disabled
2025-12-20T07:37:43.000Z acpi [WARN] GPE(07) fired but no handler, keeping disabled
2025-12-20T07:37:43.000Z init [DEBUG] mounting boot filesystem...
2025-12-20T07:37:43.000Z ide_isa [DEBUG] switching device...
2025-12-20T07:37:43.000Z init [DEBUG] boot filesystem found from device "fd0pt0p0"
2025-12-20T07:37:43.000Z init [DEBUG] starting main...
2025-12-20T07:37:43.000Z vconsole [DEBUG] video device is now switching to text mode. freeing buffers...
2025-12-20T07:37:43.000Z vga [DEBUG] video mode callback added
2025-12-20T07:37:43.000Z vconsole [DEBUG] initialization success
2025-12-20T07:37:43.000Z mm [DEBUG] mapped page 427-964 to 1072-1609
2025-12-20T07:37:43.000Z vga [DEBUG] getting video mode info...
2025-12-20T07:37:43.000Z vga [DEBUG] freeing character buffer...
2025-12-20T07:37:43.000Z vga [DEBUG] (re)allocating frame buffer...
2025-12-20T07:37:43.000Z mm [DEBUG] mapped page 965-1265 to 1610-1910
2025-12-20T07:37:43.000Z vga [DEBUG] (re)allocating diff buffer...
2025-12-20T07:37:43.000Z mm [DEBUG] mapped page 1036288-1036962 to 1036288-1036962
2025-12-20T07:37:43.000Z vga [DEBUG] setting video mode...
2025-12-20T07:37:43.000Z vconsole [DEBUG] allocating buffers... cols=80, rows=30
2025-12-20T07:37:43.000Z mm [DEBUG] mapped page 1267-1282 to 1911-1926
2025-12-20T07:37:44.353Z module [DEBUG] calculating program size...
2025-12-20T07:37:44.353Z module [DEBUG] allocating program memory...
2025-12-20T07:37:44.354Z mm [DEBUG] mapped page 1283-1287 to 1927-1931
2025-12-20T07:37:44.354Z module [DEBUG] program memory allocated to 0x00787000
2025-12-20T07:37:44.354Z module [DEBUG] loading program...
2025-12-20T07:37:44.354Z mm [DEBUG] mapped page 1288-1291 to 1927-1930
2025-12-20T07:37:44.357Z mm [DEBUG] mapped page 1292-1292 to 1931-1931
2025-12-20T07:37:44.357Z mm [DEBUG] mapped page 1293-1293 to 1931-1931
2025-12-20T07:37:44.358Z module [DEBUG] getting offset of GOT...
2025-12-20T07:37:44.358Z module [DEBUG] relocating section .rel.dyn...
2025-12-20T07:37:44.359Z module [DEBUG] type=08, (P:0078B000) = B:00787000 + A:00002E1D
2025-12-20T07:37:44.360Z module [DEBUG] relocated to 00789E1D
2025-12-20T07:37:44.360Z module [DEBUG] type=08, (P:0078B004) = B:00787000 + A:00002E57
2025-12-20T07:37:44.360Z module [DEBUG] relocated to 00789E57
2025-12-20T07:37:44.360Z module [DEBUG] type=08, (P:0078B0F8) = B:00787000 + A:000036E8
2025-12-20T07:37:44.360Z module [DEBUG] relocated to 0078A6E8
2025-12-20T07:37:44.361Z module [DEBUG] type=08, (P:0078B0FC) = B:00787000 + A:0000268D
2025-12-20T07:37:44.361Z module [DEBUG] relocated to 0078968D
2025-12-20T07:37:44.361Z module [DEBUG] type=08, (P:0078B100) = B:00787000 + A:000036F1
2025-12-20T07:37:44.361Z module [DEBUG] relocated to 0078A6F1
2025-12-20T07:37:44.361Z module [DEBUG] finding symbol (no name)...
2025-12-20T07:37:44.362Z module [DEBUG] symbol found at 00787094
2025-12-20T07:37:44.362Z module [DEBUG] type=06, (P:0078B0B8) = S:00787094
2025-12-20T07:37:44.362Z module [DEBUG] relocated to 00787094
2025-12-20T07:37:44.362Z module [DEBUG] finding symbol (no name)...
2025-12-20T07:37:44.362Z module [DEBUG] symbol found at 0078725C
2025-12-20T07:37:44.363Z module [DEBUG] type=06, (P:0078B0BC) = S:0078725C
2025-12-20T07:37:44.363Z module [DEBUG] relocated to 0078725C
2025-12-20T07:37:44.363Z module [DEBUG] finding symbol (no name)...
2025-12-20T07:37:44.364Z module [DEBUG] symbol found at 00787358
2025-12-20T07:37:44.364Z module [DEBUG] type=06, (P:0078B0C0) = S:00787358
2025-12-20T07:37:44.364Z module [DEBUG] relocated to 00787358
2025-12-20T07:37:44.364Z module [DEBUG] finding symbol (no name)...
2025-12-20T07:37:44.364Z module [DEBUG] symbol found at 0078AB10
2025-12-20T07:37:44.365Z module [DEBUG] type=06, (P:0078B0C4) = S:0078AB10
2025-12-20T07:37:44.365Z module [DEBUG] relocated to 0078AB10
2025-12-20T07:37:44.365Z module [DEBUG] finding symbol (no name)...
2025-12-20T07:37:44.365Z module [DEBUG] symbol found at 0078B004
2025-12-20T07:37:44.365Z module [DEBUG] type=06, (P:0078B0C8) = S:0078B004
2025-12-20T07:37:44.365Z module [DEBUG] relocated to 0078B004
2025-12-20T07:37:44.366Z module [DEBUG] finding symbol (no name)...
2025-12-20T07:37:44.366Z module [DEBUG] symbol found at 0078B008
2025-12-20T07:37:44.366Z module [DEBUG] type=06, (P:0078B0CC) = S:0078B008
2025-12-20T07:37:44.366Z module [DEBUG] relocated to 0078B008
2025-12-20T07:37:44.366Z module [DEBUG] finding symbol (no name)...
2025-12-20T07:37:44.366Z module [DEBUG] symbol found at 0078B0B8
2025-12-20T07:37:44.367Z module [DEBUG] type=06, (P:0078B0D0) = S:0078B0B8
2025-12-20T07:37:44.367Z module [DEBUG] relocated to 0078B0B8
2025-12-20T07:37:44.367Z module [DEBUG] finding symbol (no name)...
2025-12-20T07:37:44.367Z module [DEBUG] symbol found at 0078B0F4
2025-12-20T07:37:44.367Z module [DEBUG] type=06, (P:0078B0D4) = S:0078B0F4
2025-12-20T07:37:44.368Z module [DEBUG] relocated to 0078B0F4
2025-12-20T07:37:44.368Z module [DEBUG] finding symbol (no name)...
2025-12-20T07:37:44.368Z module [DEBUG] symbol found at 0078B120
2025-12-20T07:37:44.368Z module [DEBUG] type=06, (P:0078B0D8) = S:0078B120
2025-12-20T07:37:44.368Z module [DEBUG] relocated to 0078B120
2025-12-20T07:37:44.369Z module [DEBUG] finding symbol (no name)...
2025-12-20T07:37:44.369Z module [DEBUG] symbol found at 00787000
2025-12-20T07:37:44.369Z module [DEBUG] type=06, (P:0078B0DC) = S:00787000
2025-12-20T07:37:44.369Z module [DEBUG] relocated to 00787000
2025-12-20T07:37:44.369Z module [DEBUG] finding symbol (no name)...
2025-12-20T07:37:44.369Z module [DEBUG] symbol found at 00787000
2025-12-20T07:37:44.370Z module [DEBUG] type=06, (P:0078B0E0) = S:00787000
2025-12-20T07:37:44.370Z module [DEBUG] relocated to 00787000
2025-12-20T07:37:44.370Z module [DEBUG] finding symbol (no name)...
2025-12-20T07:37:44.370Z module [DEBUG] symbol found at 00787000
2025-12-20T07:37:44.370Z module [DEBUG] type=06, (P:0078B0E4) = S:00787000
2025-12-20T07:37:44.370Z module [DEBUG] relocated to 00787000
2025-12-20T07:37:44.371Z module [DEBUG] relocating section .rel.got...
2025-12-20T07:37:44.371Z module [DEBUG] relocating section .rel.text...
2025-12-20T07:37:44.373Z module [DEBUG] finding symbol __x86.get_pc_thunk.bx...
2025-12-20T07:37:44.373Z module [DEBUG] symbol found at 00789E81
2025-12-20T07:37:44.373Z module [DEBUG] relocated to 00002A95
2025-12-20T07:37:44.373Z module [DEBUG] finding symbol _GLOBAL_OFFSET_TABLE_...
2025-12-20T07:37:44.373Z module [DEBUG] symbol found at 0078B0E8
2025-12-20T07:37:44.374Z module [DEBUG] relocated to 00003CFC
2025-12-20T07:37:44.374Z module [DEBUG] finding symbol (no name)...
2025-12-20T07:37:44.374Z module [DEBUG] symbol found at 0078B120
2025-12-20T07:37:44.374Z module [DEBUG] relocated to 00000070
2025-12-20T07:37:44.374Z module [DEBUG] finding symbol (no name)...
2025-12-20T07:37:44.375Z module [DEBUG] symbol found at 0078B120
2025-12-20T07:37:44.375Z module [DEBUG] relocated to 00000064
2025-12-20T07:37:44.375Z module [DEBUG] finding symbol (no name)...
2025-12-20T07:37:44.375Z module [DEBUG] symbol found at 0078B120
2025-12-20T07:37:44.375Z module [DEBUG] relocated to 00000070
2025-12-20T07:37:44.375Z module [DEBUG] finding symbol (no name)...
2025-12-20T07:37:44.376Z module [DEBUG] symbol found at 0078B120
2025-12-20T07:37:44.376Z module [DEBUG] relocated to 00000064
2025-12-20T07:37:44.376Z module [DEBUG] finding symbol abs...
2025-12-20T07:37:44.376Z module [DEBUG] symbol found at 00121A6E
2025-12-20T07:37:44.376Z module [DEBUG] type=43, (A:FFFFFFFC + GOT:0078B0E8) = (0078B0E4) = S:00121A6E
2025-12-20T07:37:44.377Z module [DEBUG] relocated to FFFFFFFC
2025-12-20T07:37:44.377Z module [DEBUG] finding symbol abs...
2025-12-20T07:37:44.377Z module [DEBUG] symbol found at 00121A6E
2025-12-20T07:37:44.377Z module [DEBUG] type=43, (A:FFFFFFFC + GOT:0078B0E8) = (0078B0E4) = S:00121A6E
2025-12-20T07:37:44.377Z module [DEBUG] relocated to FFFFFFFC
2025-12-20T07:37:44.378Z module [DEBUG] finding symbol (no name)...
2025-12-20T07:37:44.378Z module [DEBUG] symbol found at 0078B120
2025-12-20T07:37:44.378Z module [DEBUG] relocated to 00000070
2025-12-20T07:37:44.378Z module [DEBUG] finding symbol (no name)...
2025-12-20T07:37:44.378Z module [DEBUG] symbol found at 0078B120
2025-12-20T07:37:44.378Z module [DEBUG] relocated to 00000064
2025-12-20T07:37:44.379Z module [DEBUG] finding symbol __x86.get_pc_thunk.ax...
2025-12-20T07:37:44.379Z module [DEBUG] symbol found at 00789E7D
2025-12-20T07:37:44.379Z module [DEBUG] relocated to 000028F5
2025-12-20T07:37:44.379Z module [DEBUG] finding symbol _GLOBAL_OFFSET_TABLE_...
2025-12-20T07:37:44.379Z module [DEBUG] symbol found at 0078B0E8
2025-12-20T07:37:44.379Z module [DEBUG] relocated to 00003B60
2025-12-20T07:37:44.380Z module [DEBUG] finding symbol __x86.get_pc_thunk.ax...
2025-12-20T07:37:44.380Z module [DEBUG] symbol found at 00789E7D
2025-12-20T07:37:44.380Z module [DEBUG] relocated to 00002766
2025-12-20T07:37:44.380Z module [DEBUG] finding symbol _GLOBAL_OFFSET_TABLE_...
2025-12-20T07:37:44.380Z module [DEBUG] symbol found at 0078B0E8
2025-12-20T07:37:44.381Z module [DEBUG] relocated to 000039D1
2025-12-20T07:37:44.381Z module [DEBUG] finding symbol (no name)...
2025-12-20T07:37:44.381Z module [DEBUG] symbol found at 0078B120
2025-12-20T07:37:44.381Z module [DEBUG] relocated to 00000070
2025-12-20T07:37:44.381Z module [DEBUG] finding symbol (no name)...
2025-12-20T07:37:44.382Z module [DEBUG] symbol found at 0078B120
2025-12-20T07:37:44.382Z module [DEBUG] relocated to 00000064
2025-12-20T07:37:44.382Z module [DEBUG] finding symbol (no name)...
2025-12-20T07:37:44.382Z module [DEBUG] symbol found at 0078B120
2025-12-20T07:37:44.382Z module [DEBUG] relocated to 00000070
2025-12-20T07:37:44.382Z module [DEBUG] finding symbol (no name)...
2025-12-20T07:37:44.383Z module [DEBUG] symbol found at 0078B120
2025-12-20T07:37:44.383Z module [DEBUG] relocated to 00000064
2025-12-20T07:37:44.383Z module [DEBUG] finding symbol (no name)...
2025-12-20T07:37:44.383Z module [DEBUG] symbol found at 0078B120
2025-12-20T07:37:44.383Z module [DEBUG] relocated to 00000070
2025-12-20T07:37:44.383Z module [DEBUG] finding symbol (no name)...
2025-12-20T07:37:44.384Z module [DEBUG] symbol found at 0078B120
2025-12-20T07:37:44.384Z module [DEBUG] relocated to 00000064
2025-12-20T07:37:44.384Z module [DEBUG] finding symbol (no name)...
2025-12-20T07:37:44.384Z module [DEBUG] symbol found at 0078B120
2025-12-20T07:37:44.384Z module [DEBUG] relocated to 00000070
2025-12-20T07:37:44.384Z module [DEBUG] finding symbol (no name)...
2025-12-20T07:37:44.385Z module [DEBUG] symbol found at 0078B120
2025-12-20T07:37:44.385Z module [DEBUG] relocated to 00000064
2025-12-20T07:37:44.385Z module [DEBUG] finding symbol (no name)...
2025-12-20T07:37:44.385Z module [DEBUG] symbol found at 0078B120
2025-12-20T07:37:44.385Z module [DEBUG] relocated to 00000070
2025-12-20T07:37:44.386Z module [DEBUG] finding symbol (no name)...
2025-12-20T07:37:44.386Z module [DEBUG] symbol found at 0078B120
2025-12-20T07:37:44.386Z module [DEBUG] relocated to 00000064
2025-12-20T07:37:44.386Z module [DEBUG] finding symbol __x86.get_pc_thunk.bx...
2025-12-20T07:37:44.386Z module [DEBUG] symbol found at 00789E81
2025-12-20T07:37:44.386Z module [DEBUG] relocated to 00002627
2025-12-20T07:37:44.387Z module [DEBUG] finding symbol _GLOBAL_OFFSET_TABLE_...
2025-12-20T07:37:44.387Z module [DEBUG] symbol found at 0078B0E8
2025-12-20T07:37:44.387Z module [DEBUG] relocated to 0000388E
2025-12-20T07:37:44.387Z module [DEBUG] finding symbol (no name)...
2025-12-20T07:37:44.387Z module [DEBUG] symbol found at 0078B120
2025-12-20T07:37:44.388Z module [DEBUG] relocated to 00000070
2025-12-20T07:37:44.388Z module [DEBUG] finding symbol (no name)...
2025-12-20T07:37:44.388Z module [DEBUG] symbol found at 0078B120
2025-12-20T07:37:44.388Z module [DEBUG] relocated to 00000064
2025-12-20T07:37:44.388Z module [DEBUG] finding symbol (no name)...
2025-12-20T07:37:44.388Z module [DEBUG] symbol found at 0078B120
2025-12-20T07:37:44.388Z module [DEBUG] relocated to 00000070
2025-12-20T07:37:44.389Z module [DEBUG] finding symbol (no name)...
2025-12-20T07:37:44.389Z module [DEBUG] symbol found at 0078B120
2025-12-20T07:37:44.389Z module [DEBUG] relocated to 00000064
2025-12-20T07:37:44.389Z module [DEBUG] finding symbol (no name)...
2025-12-20T07:37:44.389Z module [DEBUG] symbol found at 0078B120
2025-12-20T07:37:44.389Z module [DEBUG] relocated to 00000070
2025-12-20T07:37:44.390Z module [DEBUG] finding symbol (no name)...
2025-12-20T07:37:44.390Z module [DEBUG] symbol found at 0078B120
2025-12-20T07:37:44.390Z module [DEBUG] relocated to 00000064
2025-12-20T07:37:44.390Z module [DEBUG] finding symbol (no name)...
2025-12-20T07:37:44.390Z module [DEBUG] symbol found at 0078B120
2025-12-20T07:37:44.390Z module [DEBUG] relocated to 00000070
2025-12-20T07:37:44.391Z module [DEBUG] finding symbol (no name)...
2025-12-20T07:37:44.391Z module [DEBUG] symbol found at 0078B120
2025-12-20T07:37:44.391Z module [DEBUG] relocated to 00000064
2025-12-20T07:37:44.391Z module [DEBUG] finding symbol (no name)...
2025-12-20T07:37:44.391Z module [DEBUG] symbol found at 0078B120
2025-12-20T07:37:44.391Z module [DEBUG] relocated to 00000070
2025-12-20T07:37:44.392Z module [DEBUG] finding symbol (no name)...
2025-12-20T07:37:44.392Z module [DEBUG] symbol found at 0078B120
2025-12-20T07:37:44.392Z module [DEBUG] relocated to 00000064
2025-12-20T07:37:44.392Z module [DEBUG] finding symbol (no name)...
2025-12-20T07:37:44.392Z module [DEBUG] symbol found at 0078B120
2025-12-20T07:37:44.393Z module [DEBUG] relocated to 00000070
2025-12-20T07:37:44.393Z module [DEBUG] finding symbol (no name)...
2025-12-20T07:37:44.393Z module [DEBUG] symbol found at 0078B120
2025-12-20T07:37:44.393Z module [DEBUG] relocated to 00000064
2025-12-20T07:37:44.393Z module [DEBUG] finding symbol (no name)...
2025-12-20T07:37:44.393Z module [DEBUG] symbol found at 0078B120
2025-12-20T07:37:44.394Z module [DEBUG] relocated to 00000070
2025-12-20T07:37:44.394Z module [DEBUG] finding symbol (no name)...
2025-12-20T07:37:44.394Z module [DEBUG] symbol found at 0078B120
2025-12-20T07:37:44.394Z module [DEBUG] relocated to 00000064
2025-12-20T07:37:44.394Z module [DEBUG] finding symbol (no name)...
2025-12-20T07:37:44.394Z module [DEBUG] symbol found at 0078B120
2025-12-20T07:37:44.395Z module [DEBUG] relocated to 00000070
2025-12-20T07:37:44.395Z module [DEBUG] finding symbol (no name)...
2025-12-20T07:37:44.395Z module [DEBUG] symbol found at 0078B120
2025-12-20T07:37:44.395Z module [DEBUG] relocated to 00000064
2025-12-20T07:37:44.395Z module [DEBUG] finding symbol (no name)...
2025-12-20T07:37:44.395Z module [DEBUG] symbol found at 0078B120
2025-12-20T07:37:44.396Z module [DEBUG] relocated to 00000070
2025-12-20T07:37:44.396Z module [DEBUG] finding symbol (no name)...
2025-12-20T07:37:44.396Z module [DEBUG] symbol found at 0078B120
2025-12-20T07:37:44.396Z module [DEBUG] relocated to 00000064
2025-12-20T07:37:44.396Z module [DEBUG] finding symbol (no name)...
2025-12-20T07:37:44.396Z module [DEBUG] symbol found at 0078B120
2025-12-20T07:37:44.397Z module [DEBUG] relocated to 00000070
2025-12-20T07:37:44.397Z module [DEBUG] finding symbol (no name)...
2025-12-20T07:37:44.397Z module [DEBUG] symbol found at 0078B120
2025-12-20T07:37:44.397Z module [DEBUG] relocated to 00000064
2025-12-20T07:37:44.397Z module [DEBUG] finding symbol (no name)...
2025-12-20T07:37:44.397Z module [DEBUG] symbol found at 0078B120
2025-12-20T07:37:44.398Z module [DEBUG] relocated to 00000070
2025-12-20T07:37:44.398Z module [DEBUG] finding symbol (no name)...
2025-12-20T07:37:44.398Z module [DEBUG] symbol found at 0078B120
2025-12-20T07:37:44.398Z module [DEBUG] relocated to 00000064
2025-12-20T07:37:44.398Z module [DEBUG] finding symbol (no name)...
2025-12-20T07:37:44.398Z module [DEBUG] symbol found at 0078B120
2025-12-20T07:37:44.399Z module [DEBUG] relocated to 00000070
2025-12-20T07:37:44.399Z module [DEBUG] finding symbol (no name)...
2025-12-20T07:37:44.399Z module [DEBUG] symbol found at 0078B120
2025-12-20T07:37:44.399Z module [DEBUG] relocated to 00000064
2025-12-20T07:37:44.399Z module [DEBUG] finding symbol __x86.get_pc_thunk.bx...
2025-12-20T07:37:44.400Z module [DEBUG] symbol found at 00789E81
2025-12-20T07:37:44.400Z module [DEBUG] relocated to 000022C4
2025-12-20T07:37:44.400Z module [DEBUG] finding symbol _GLOBAL_OFFSET_TABLE_...
2025-12-20T07:37:44.400Z module [DEBUG] symbol found at 0078B0E8
2025-12-20T07:37:44.400Z module [DEBUG] relocated to 0000352B
2025-12-20T07:37:44.400Z module [DEBUG] finding symbol abs...
2025-12-20T07:37:44.400Z module [DEBUG] symbol found at 00121A6E
2025-12-20T07:37:44.401Z module [DEBUG] type=43, (A:FFFFFFFC + GOT:0078B0E8) = (0078B0E4) = S:00121A6E
2025-12-20T07:37:44.401Z module [DEBUG] relocated to FFFFFFFC
2025-12-20T07:37:44.401Z module [DEBUG] finding symbol abs...
2025-12-20T07:37:44.401Z module [DEBUG] symbol found at 00121A6E
2025-12-20T07:37:44.401Z module [DEBUG] type=43, (A:FFFFFFFC + GOT:0078B0E8) = (0078B0E4) = S:00121A6E
2025-12-20T07:37:44.402Z module [DEBUG] relocated to FFFFFFFC
2025-12-20T07:37:44.402Z module [DEBUG] finding symbol (no name)...
2025-12-20T07:37:44.402Z module [DEBUG] symbol found at 0078B120
2025-12-20T07:37:44.402Z module [DEBUG] relocated to 00000070
2025-12-20T07:37:44.402Z module [DEBUG] finding symbol (no name)...
2025-12-20T07:37:44.403Z module [DEBUG] symbol found at 0078B120
2025-12-20T07:37:44.403Z module [DEBUG] relocated to 00000064
2025-12-20T07:37:44.403Z module [DEBUG] finding symbol (no name)...
2025-12-20T07:37:44.403Z module [DEBUG] symbol found at 0078B120
2025-12-20T07:37:44.403Z module [DEBUG] relocated to 00000070
2025-12-20T07:37:44.403Z module [DEBUG] finding symbol (no name)...
2025-12-20T07:37:44.404Z module [DEBUG] symbol found at 0078B120
2025-12-20T07:37:44.404Z module [DEBUG] relocated to 00000064
2025-12-20T07:37:44.404Z module [DEBUG] finding symbol (no name)...
2025-12-20T07:37:44.404Z module [DEBUG] symbol found at 0078B120
2025-12-20T07:37:44.404Z module [DEBUG] relocated to 00000070
2025-12-20T07:37:44.404Z module [DEBUG] finding symbol (no name)...
2025-12-20T07:37:44.405Z module [DEBUG] symbol found at 0078B120
2025-12-20T07:37:44.405Z module [DEBUG] relocated to 00000064
2025-12-20T07:37:44.405Z module [DEBUG] finding symbol (no name)...
2025-12-20T07:37:44.405Z module [DEBUG] symbol found at 0078B120
2025-12-20T07:37:44.405Z module [DEBUG] relocated to 00000070
2025-12-20T07:37:44.406Z module [DEBUG] finding symbol (no name)...
2025-12-20T07:37:44.406Z module [DEBUG] symbol found at 0078B120
2025-12-20T07:37:44.406Z module [DEBUG] relocated to 00000064
2025-12-20T07:37:44.406Z module [DEBUG] finding symbol (no name)...
2025-12-20T07:37:44.406Z module [DEBUG] symbol found at 0078B120
2025-12-20T07:37:44.406Z module [DEBUG] relocated to 00000070
2025-12-20T07:37:44.407Z module [DEBUG] finding symbol (no name)...
2025-12-20T07:37:44.407Z module [DEBUG] symbol found at 0078B120
2025-12-20T07:37:44.407Z module [DEBUG] relocated to 00000064
2025-12-20T07:37:44.407Z module [DEBUG] finding symbol (no name)...
2025-12-20T07:37:44.407Z module [DEBUG] symbol found at 0078B120
2025-12-20T07:37:44.407Z module [DEBUG] relocated to 00000070
2025-12-20T07:37:44.408Z module [DEBUG] finding symbol (no name)...
2025-12-20T07:37:44.408Z module [DEBUG] symbol found at 0078B120
2025-12-20T07:37:44.408Z module [DEBUG] relocated to 00000064
2025-12-20T07:37:44.408Z module [DEBUG] finding symbol (no name)...
2025-12-20T07:37:44.408Z module [DEBUG] symbol found at 0078B120
2025-12-20T07:37:44.408Z module [DEBUG] relocated to 00000070
2025-12-20T07:37:44.409Z module [DEBUG] finding symbol (no name)...
2025-12-20T07:37:44.409Z module [DEBUG] symbol found at 0078B120
2025-12-20T07:37:44.409Z module [DEBUG] relocated to 00000064
2025-12-20T07:37:44.409Z module [DEBUG] finding symbol (no name)...
2025-12-20T07:37:44.409Z module [DEBUG] symbol found at 0078B120
2025-12-20T07:37:44.409Z module [DEBUG] relocated to 00000070
2025-12-20T07:37:44.410Z module [DEBUG] finding symbol (no name)...
2025-12-20T07:37:44.410Z module [DEBUG] symbol found at 0078B120
2025-12-20T07:37:44.410Z module [DEBUG] relocated to 00000064
2025-12-20T07:37:44.410Z module [DEBUG] finding symbol __x86.get_pc_thunk.bx...
2025-12-20T07:37:44.410Z module [DEBUG] symbol found at 00789E81
2025-12-20T07:37:44.410Z module [DEBUG] relocated to 00001FD3
2025-12-20T07:37:44.411Z module [DEBUG] finding symbol _GLOBAL_OFFSET_TABLE_...
2025-12-20T07:37:44.411Z module [DEBUG] symbol found at 0078B0E8
2025-12-20T07:37:44.411Z module [DEBUG] relocated to 0000323A
2025-12-20T07:37:44.411Z module [DEBUG] finding symbol abs...
2025-12-20T07:37:44.411Z module [DEBUG] symbol found at 00121A6E
2025-12-20T07:37:44.411Z module [DEBUG] type=43, (A:FFFFFFFC + GOT:0078B0E8) = (0078B0E4) = S:00121A6E
2025-12-20T07:37:44.412Z module [DEBUG] relocated to FFFFFFFC
2025-12-20T07:37:44.412Z module [DEBUG] finding symbol abs...
2025-12-20T07:37:44.412Z module [DEBUG] symbol found at 00121A6E
2025-12-20T07:37:44.412Z module [DEBUG] type=43, (A:FFFFFFFC + GOT:0078B0E8) = (0078B0E4) = S:00121A6E
2025-12-20T07:37:44.412Z module [DEBUG] relocated to FFFFFFFC
2025-12-20T07:37:44.413Z module [DEBUG] finding symbol abs...
2025-12-20T07:37:44.413Z module [DEBUG] symbol found at 00121A6E
2025-12-20T07:37:44.413Z module [DEBUG] type=43, (A:FFFFFFFC + GOT:0078B0E8) = (0078B0E4) = S:00121A6E
2025-12-20T07:37:44.413Z module [DEBUG] relocated to FFFFFFFC
2025-12-20T07:37:44.413Z module [DEBUG] finding symbol abs...
2025-12-20T07:37:44.414Z module [DEBUG] symbol found at 00121A6E
2025-12-20T07:37:44.414Z module [DEBUG] type=43, (A:FFFFFFFC + GOT:0078B0E8) = (0078B0E4) = S:00121A6E
2025-12-20T07:37:44.414Z module [DEBUG] relocated to FFFFFFFC
2025-12-20T07:37:44.414Z module [DEBUG] finding symbol abs...
2025-12-20T07:37:44.414Z module [DEBUG] symbol found at 00121A6E
2025-12-20T07:37:44.414Z module [DEBUG] type=43, (A:FFFFFFFC + GOT:0078B0E8) = (0078B0E4) = S:00121A6E
2025-12-20T07:37:44.415Z module [DEBUG] relocated to FFFFFFFC
2025-12-20T07:37:44.415Z module [DEBUG] finding symbol abs...
2025-12-20T07:37:44.415Z module [DEBUG] symbol found at 00121A6E
2025-12-20T07:37:44.415Z module [DEBUG] type=43, (A:FFFFFFFC + GOT:0078B0E8) = (0078B0E4) = S:00121A6E
2025-12-20T07:37:44.415Z module [DEBUG] relocated to FFFFFFFC
2025-12-20T07:37:44.416Z module [DEBUG] finding symbol abs...
2025-12-20T07:37:44.416Z module [DEBUG] symbol found at 00121A6E
2025-12-20T07:37:44.416Z module [DEBUG] type=43, (A:FFFFFFFC + GOT:0078B0E8) = (0078B0E4) = S:00121A6E
2025-12-20T07:37:44.416Z module [DEBUG] relocated to FFFFFFFC
2025-12-20T07:37:44.416Z module [DEBUG] finding symbol abs...
2025-12-20T07:37:44.417Z module [DEBUG] symbol found at 00121A6E
2025-12-20T07:37:44.417Z module [DEBUG] type=43, (A:FFFFFFFC + GOT:0078B0E8) = (0078B0E4) = S:00121A6E
2025-12-20T07:37:44.417Z module [DEBUG] relocated to FFFFFFFC
2025-12-20T07:37:44.417Z module [DEBUG] finding symbol abs...
2025-12-20T07:37:44.417Z module [DEBUG] symbol found at 00121A6E
2025-12-20T07:37:44.417Z module [DEBUG] type=43, (A:FFFFFFFC + GOT:0078B0E8) = (0078B0E4) = S:00121A6E
2025-12-20T07:37:44.418Z module [DEBUG] relocated to FFFFFFFC
2025-12-20T07:37:44.418Z module [DEBUG] finding symbol abs...
2025-12-20T07:37:44.418Z module [DEBUG] symbol found at 00121A6E
2025-12-20T07:37:44.418Z module [DEBUG] type=43, (A:FFFFFFFC + GOT:0078B0E8) = (0078B0E4) = S:00121A6E
2025-12-20T07:37:44.418Z module [DEBUG] relocated to FFFFFFFC
2025-12-20T07:37:44.419Z module [DEBUG] finding symbol abs...
2025-12-20T07:37:44.419Z module [DEBUG] symbol found at 00121A6E
2025-12-20T07:37:44.419Z module [DEBUG] type=43, (A:FFFFFFFC + GOT:0078B0E8) = (0078B0E4) = S:00121A6E
2025-12-20T07:37:44.419Z module [DEBUG] relocated to FFFFFFFC
2025-12-20T07:37:44.419Z module [DEBUG] finding symbol abs...
2025-12-20T07:37:44.420Z module [DEBUG] symbol found at 00121A6E
2025-12-20T07:37:44.420Z module [DEBUG] type=43, (A:FFFFFFFC + GOT:0078B0E8) = (0078B0E4) = S:00121A6E
2025-12-20T07:37:44.420Z module [DEBUG] relocated to FFFFFFFC
2025-12-20T07:37:44.420Z module [DEBUG] finding symbol (no name)...
2025-12-20T07:37:44.420Z module [DEBUG] symbol found at 00789EA0
2025-12-20T07:37:44.420Z module [DEBUG] relocated to FFFFEDF8
2025-12-20T07:37:44.421Z module [DEBUG] finding symbol (no name)...
2025-12-20T07:37:44.421Z module [DEBUG] symbol found at 00789EA0
2025-12-20T07:37:44.421Z module [DEBUG] relocated to FFFFEE44
2025-12-20T07:37:44.421Z module [DEBUG] finding symbol __assert_fail...
2025-12-20T07:37:44.421Z module [DEBUG] symbol found at 0011FDC2
2025-12-20T07:37:44.422Z module [DEBUG] type=43, (A:FFFFFFEC + GOT:0078B0E8) = (0078B0D4) = S:0011FDC2
2025-12-20T07:37:44.422Z module [DEBUG] relocated to FFFFFFEC
2025-12-20T07:37:44.422Z module [DEBUG] finding symbol (no name)...
2025-12-20T07:37:44.422Z module [DEBUG] symbol found at 0078B120
2025-12-20T07:37:44.422Z module [DEBUG] relocated to 00000070
2025-12-20T07:37:44.422Z module [DEBUG] finding symbol (no name)...
2025-12-20T07:37:44.423Z module [DEBUG] symbol found at 0078B120
2025-12-20T07:37:44.423Z module [DEBUG] relocated to 00000064
2025-12-20T07:37:44.423Z module [DEBUG] finding symbol __x86.get_pc_thunk.ax...
2025-12-20T07:37:44.423Z module [DEBUG] symbol found at 00789E7D
2025-12-20T07:37:44.423Z module [DEBUG] relocated to 00001C01
2025-12-20T07:37:44.423Z module [DEBUG] finding symbol _GLOBAL_OFFSET_TABLE_...
2025-12-20T07:37:44.424Z module [DEBUG] symbol found at 0078B0E8
2025-12-20T07:37:44.424Z module [DEBUG] relocated to 00002E6C
2025-12-20T07:37:44.424Z module [DEBUG] finding symbol __x86.get_pc_thunk.ax...
2025-12-20T07:37:44.424Z module [DEBUG] symbol found at 00789E7D
2025-12-20T07:37:44.424Z module [DEBUG] relocated to 00001BC6
2025-12-20T07:37:44.425Z module [DEBUG] finding symbol _GLOBAL_OFFSET_TABLE_...
2025-12-20T07:37:44.425Z module [DEBUG] symbol found at 0078B0E8
2025-12-20T07:37:44.425Z module [DEBUG] relocated to 00002E31
2025-12-20T07:37:44.425Z module [DEBUG] finding symbol __x86.get_pc_thunk.bx...
2025-12-20T07:37:44.425Z module [DEBUG] symbol found at 00789E81
2025-12-20T07:37:44.425Z module [DEBUG] relocated to 00001BAD
2025-12-20T07:37:44.426Z module [DEBUG] finding symbol _GLOBAL_OFFSET_TABLE_...
2025-12-20T07:37:44.426Z module [DEBUG] symbol found at 0078B0E8
2025-12-20T07:37:44.426Z module [DEBUG] relocated to 00002E14
2025-12-20T07:37:44.426Z module [DEBUG] finding symbol draw_bezier2_part...
2025-12-20T07:37:44.426Z module [DEBUG] symbol found at 00787EA1
2025-12-20T07:37:44.426Z module [DEBUG] relocated to FFFFFB7F
2025-12-20T07:37:44.427Z module [DEBUG] finding symbol __x86.get_pc_thunk.ax...
2025-12-20T07:37:44.427Z module [DEBUG] symbol found at 00789E7D
2025-12-20T07:37:44.427Z module [DEBUG] relocated to 00001A8E
2025-12-20T07:37:44.427Z module [DEBUG] finding symbol _GLOBAL_OFFSET_TABLE_...
2025-12-20T07:37:44.427Z module [DEBUG] symbol found at 0078B0E8
2025-12-20T07:37:44.428Z module [DEBUG] relocated to 00002CF9
2025-12-20T07:37:44.428Z module [DEBUG] finding symbol __x86.get_pc_thunk.ax...
2025-12-20T07:37:44.428Z module [DEBUG] symbol found at 00789E7D
2025-12-20T07:37:44.428Z module [DEBUG] relocated to 00001A75
2025-12-20T07:37:44.428Z module [DEBUG] finding symbol _GLOBAL_OFFSET_TABLE_...
2025-12-20T07:37:44.428Z module [DEBUG] symbol found at 0078B0E8
2025-12-20T07:37:44.429Z module [DEBUG] relocated to 00002CE0
2025-12-20T07:37:44.429Z module [DEBUG] finding symbol __x86.get_pc_thunk.ax...
2025-12-20T07:37:44.429Z module [DEBUG] symbol found at 00789E7D
2025-12-20T07:37:44.429Z module [DEBUG] relocated to 00001A4F
2025-12-20T07:37:44.429Z module [DEBUG] finding symbol _GLOBAL_OFFSET_TABLE_...
2025-12-20T07:37:44.430Z module [DEBUG] symbol found at 0078B0E8
2025-12-20T07:37:44.430Z module [DEBUG] relocated to 00002CBA
2025-12-20T07:37:44.430Z module [DEBUG] finding symbol __x86.get_pc_thunk.bx...
2025-12-20T07:37:44.430Z module [DEBUG] symbol found at 00789E81
2025-12-20T07:37:44.430Z module [DEBUG] relocated to 000018F2
2025-12-20T07:37:44.430Z module [DEBUG] finding symbol _GLOBAL_OFFSET_TABLE_...
2025-12-20T07:37:44.431Z module [DEBUG] symbol found at 0078B0E8
2025-12-20T07:37:44.431Z module [DEBUG] relocated to 00002B59
2025-12-20T07:37:44.431Z module [DEBUG] finding symbol labs...
2025-12-20T07:37:44.431Z module [DEBUG] symbol found at 00121B5C
2025-12-20T07:37:44.431Z module [DEBUG] type=43, (A:FFFFFFD4 + GOT:0078B0E8) = (0078B0BC) = S:00121B5C
2025-12-20T07:37:44.432Z module [DEBUG] relocated to FFFFFFD4
2025-12-20T07:37:44.432Z module [DEBUG] finding symbol labs...
2025-12-20T07:37:44.432Z module [DEBUG] symbol found at 00121B5C
2025-12-20T07:37:44.432Z module [DEBUG] type=43, (A:FFFFFFD4 + GOT:0078B0E8) = (0078B0BC) = S:00121B5C
2025-12-20T07:37:44.432Z module [DEBUG] relocated to FFFFFFD4
2025-12-20T07:37:44.432Z module [DEBUG] finding symbol labs...
2025-12-20T07:37:44.433Z module [DEBUG] symbol found at 00121B5C
2025-12-20T07:37:44.433Z module [DEBUG] type=43, (A:FFFFFFD4 + GOT:0078B0E8) = (0078B0BC) = S:00121B5C
2025-12-20T07:37:44.433Z module [DEBUG] relocated to FFFFFFD4
2025-12-20T07:37:44.433Z module [DEBUG] finding symbol labs...
2025-12-20T07:37:44.433Z module [DEBUG] symbol found at 00121B5C
2025-12-20T07:37:44.434Z module [DEBUG] type=43, (A:FFFFFFD4 + GOT:0078B0E8) = (0078B0BC) = S:00121B5C
2025-12-20T07:37:44.434Z module [DEBUG] relocated to FFFFFFD4
2025-12-20T07:37:44.434Z module [DEBUG] finding symbol labs...
2025-12-20T07:37:44.434Z module [DEBUG] symbol found at 00121B5C
2025-12-20T07:37:44.434Z module [DEBUG] type=43, (A:FFFFFFD4 + GOT:0078B0E8) = (0078B0BC) = S:00121B5C
2025-12-20T07:37:44.435Z module [DEBUG] relocated to FFFFFFD4
2025-12-20T07:37:44.435Z module [DEBUG] finding symbol labs...
2025-12-20T07:37:44.435Z module [DEBUG] symbol found at 00121B5C
2025-12-20T07:37:44.435Z module [DEBUG] type=43, (A:FFFFFFD4 + GOT:0078B0E8) = (0078B0BC) = S:00121B5C
2025-12-20T07:37:44.435Z module [DEBUG] relocated to FFFFFFD4
2025-12-20T07:37:44.436Z module [DEBUG] finding symbol __x86.get_pc_thunk.ax...
2025-12-20T07:37:44.436Z module [DEBUG] symbol found at 00789E7D
2025-12-20T07:37:44.436Z module [DEBUG] relocated to 00001808
2025-12-20T07:37:44.436Z module [DEBUG] finding symbol _GLOBAL_OFFSET_TABLE_...
2025-12-20T07:37:44.436Z module [DEBUG] symbol found at 0078B0E8
2025-12-20T07:37:44.436Z module [DEBUG] relocated to 00002A73
2025-12-20T07:37:44.437Z module [DEBUG] finding symbol draw_bezier2...
2025-12-20T07:37:44.437Z module [DEBUG] symbol found at 007882C8
2025-12-20T07:37:44.437Z module [DEBUG] relocated to FFFFFA21
2025-12-20T07:37:44.437Z module [DEBUG] finding symbol __x86.get_pc_thunk.bx...
2025-12-20T07:37:44.437Z module [DEBUG] symbol found at 00789E81
2025-12-20T07:37:44.437Z module [DEBUG] relocated to 00001211
2025-12-20T07:37:44.438Z module [DEBUG] finding symbol _GLOBAL_OFFSET_TABLE_...
2025-12-20T07:37:44.438Z module [DEBUG] symbol found at 0078B0E8
2025-12-20T07:37:44.438Z module [DEBUG] relocated to 00002478
2025-12-20T07:37:44.438Z module [DEBUG] finding symbol (no name)...
2025-12-20T07:37:44.438Z module [DEBUG] symbol found at 0078B120
2025-12-20T07:37:44.439Z module [DEBUG] relocated to 00000070
2025-12-20T07:37:44.439Z module [DEBUG] finding symbol (no name)...
2025-12-20T07:37:44.439Z module [DEBUG] symbol found at 0078B120
2025-12-20T07:37:44.439Z module [DEBUG] relocated to 00000064
2025-12-20T07:37:44.439Z module [DEBUG] finding symbol (no name)...
2025-12-20T07:37:44.439Z module [DEBUG] symbol found at 0078B120
2025-12-20T07:37:44.440Z module [DEBUG] relocated to 00000070
2025-12-20T07:37:44.440Z module [DEBUG] finding symbol (no name)...
2025-12-20T07:37:44.440Z module [DEBUG] symbol found at 0078B120
2025-12-20T07:37:44.440Z module [DEBUG] relocated to 00000064
2025-12-20T07:37:44.440Z module [DEBUG] finding symbol __x86.get_pc_thunk.ax...
2025-12-20T07:37:44.441Z module [DEBUG] symbol found at 00789E7D
2025-12-20T07:37:44.441Z module [DEBUG] relocated to 00001155
2025-12-20T07:37:44.441Z module [DEBUG] finding symbol _GLOBAL_OFFSET_TABLE_...
2025-12-20T07:37:44.441Z module [DEBUG] symbol found at 0078B0E8
2025-12-20T07:37:44.441Z module [DEBUG] relocated to 000023C0
2025-12-20T07:37:44.441Z module [DEBUG] finding symbol __x86.get_pc_thunk.bx...
2025-12-20T07:37:44.442Z module [DEBUG] symbol found at 00789E81
2025-12-20T07:37:44.442Z module [DEBUG] relocated to 00001101
2025-12-20T07:37:44.442Z module [DEBUG] finding symbol _GLOBAL_OFFSET_TABLE_...
2025-12-20T07:37:44.442Z module [DEBUG] symbol found at 0078B0E8
2025-12-20T07:37:44.442Z module [DEBUG] relocated to 00002368
2025-12-20T07:37:44.443Z module [DEBUG] finding symbol font_get_glyph_dimension...
2025-12-20T07:37:44.443Z module [DEBUG] symbol found at 0011D711
2025-12-20T07:37:44.443Z module [DEBUG] type=43, (A:FFFFFFD8 + GOT:0078B0E8) = (0078B0C0) = S:0011D711
2025-12-20T07:37:44.443Z module [DEBUG] relocated to FFFFFFD8
2025-12-20T07:37:44.443Z module [DEBUG] finding symbol font_get_glyph_data...
2025-12-20T07:37:44.444Z module [DEBUG] symbol found at 0011D7DF
2025-12-20T07:37:44.444Z module [DEBUG] type=43, (A:FFFFFFD0 + GOT:0078B0E8) = (0078B0B8) = S:0011D7DF
2025-12-20T07:37:44.444Z module [DEBUG] relocated to FFFFFFD0
2025-12-20T07:37:44.444Z module [DEBUG] finding symbol (no name)...
2025-12-20T07:37:44.444Z module [DEBUG] symbol found at 00789EA0
2025-12-20T07:37:44.445Z module [DEBUG] relocated to FFFFF618
2025-12-20T07:37:44.445Z module [DEBUG] finding symbol (no name)...
2025-12-20T07:37:44.445Z module [DEBUG] symbol found at 0078B120
2025-12-20T07:37:44.445Z module [DEBUG] relocated to 00000070
2025-12-20T07:37:44.445Z module [DEBUG] finding symbol (no name)...
2025-12-20T07:37:44.445Z module [DEBUG] symbol found at 0078B120
2025-12-20T07:37:44.446Z module [DEBUG] relocated to 00000064
2025-12-20T07:37:44.446Z module [DEBUG] finding symbol __x86.get_pc_thunk.bx...
2025-12-20T07:37:44.446Z module [DEBUG] symbol found at 00789E81
2025-12-20T07:37:44.446Z module [DEBUG] relocated to 00000F93
2025-12-20T07:37:44.446Z module [DEBUG] finding symbol _GLOBAL_OFFSET_TABLE_...
2025-12-20T07:37:44.446Z module [DEBUG] symbol found at 0078B0E8
2025-12-20T07:37:44.447Z module [DEBUG] relocated to 000021FA
2025-12-20T07:37:44.447Z module [DEBUG] finding symbol wcwidth...
2025-12-20T07:37:44.447Z module [DEBUG] symbol found at 001231DE
2025-12-20T07:37:44.447Z module [DEBUG] type=43, (A:FFFFFFE0 + GOT:0078B0E8) = (0078B0C8) = S:001231DE
2025-12-20T07:37:44.447Z module [DEBUG] relocated to FFFFFFE0
2025-12-20T07:37:44.448Z module [DEBUG] finding symbol __x86.get_pc_thunk.ax...
2025-12-20T07:37:44.448Z module [DEBUG] symbol found at 00789E7D
2025-12-20T07:37:44.448Z module [DEBUG] relocated to 00000F30
2025-12-20T07:37:44.448Z module [DEBUG] finding symbol _GLOBAL_OFFSET_TABLE_...
2025-12-20T07:37:44.448Z module [DEBUG] symbol found at 0078B0E8
2025-12-20T07:37:44.448Z module [DEBUG] relocated to 0000219B
2025-12-20T07:37:44.449Z module [DEBUG] finding symbol __x86.get_pc_thunk.bx...
2025-12-20T07:37:44.449Z module [DEBUG] symbol found at 00789E81
2025-12-20T07:37:44.449Z module [DEBUG] relocated to 00000DBD
2025-12-20T07:37:44.449Z module [DEBUG] finding symbol _GLOBAL_OFFSET_TABLE_...
2025-12-20T07:37:44.449Z module [DEBUG] symbol found at 0078B0E8
2025-12-20T07:37:44.450Z module [DEBUG] relocated to 00002024
2025-12-20T07:37:44.450Z module [DEBUG] finding symbol (no name)...
2025-12-20T07:37:44.450Z module [DEBUG] symbol found at 00789EA0
2025-12-20T07:37:44.450Z module [DEBUG] relocated to FFFFEE98
2025-12-20T07:37:44.450Z module [DEBUG] finding symbol (no name)...
2025-12-20T07:37:44.450Z module [DEBUG] symbol found at 00789EA0
2025-12-20T07:37:44.451Z module [DEBUG] relocated to FFFFF318
2025-12-20T07:37:44.451Z module [DEBUG] finding symbol (no name)...
2025-12-20T07:37:44.451Z module [DEBUG] symbol found at 00789EA0
2025-12-20T07:37:44.451Z module [DEBUG] relocated to FFFFF0D8
2025-12-20T07:37:44.451Z module [DEBUG] finding symbol (no name)...
2025-12-20T07:37:44.451Z module [DEBUG] symbol found at 00789EA0
2025-12-20T07:37:44.452Z module [DEBUG] relocated to FFFFF558
2025-12-20T07:37:44.452Z module [DEBUG] finding symbol __x86.get_pc_thunk.ax...
2025-12-20T07:37:44.452Z module [DEBUG] symbol found at 00789E7D
2025-12-20T07:37:44.452Z module [DEBUG] relocated to 00000B6C
2025-12-20T07:37:44.452Z module [DEBUG] finding symbol _GLOBAL_OFFSET_TABLE_...
2025-12-20T07:37:44.452Z module [DEBUG] symbol found at 0078B0E8
2025-12-20T07:37:44.453Z module [DEBUG] relocated to 00001DD7
2025-12-20T07:37:44.453Z module [DEBUG] finding symbol __x86.get_pc_thunk.bx...
2025-12-20T07:37:44.453Z module [DEBUG] symbol found at 00789E81
2025-12-20T07:37:44.453Z module [DEBUG] relocated to 00000A70
2025-12-20T07:37:44.453Z module [DEBUG] finding symbol _GLOBAL_OFFSET_TABLE_...
2025-12-20T07:37:44.453Z module [DEBUG] symbol found at 0078B0E8
2025-12-20T07:37:44.454Z module [DEBUG] relocated to 00001CD7
2025-12-20T07:37:44.454Z module [DEBUG] finding symbol (no name)...
2025-12-20T07:37:44.454Z module [DEBUG] symbol found at 0078B120
2025-12-20T07:37:44.454Z module [DEBUG] relocated to 00000074
2025-12-20T07:37:44.454Z module [DEBUG] finding symbol (no name)...
2025-12-20T07:37:44.454Z module [DEBUG] symbol found at 0078B120
2025-12-20T07:37:44.455Z module [DEBUG] relocated to 00000078
2025-12-20T07:37:44.455Z module [DEBUG] finding symbol (no name)...
2025-12-20T07:37:44.455Z module [DEBUG] symbol found at 0078B120
2025-12-20T07:37:44.455Z module [DEBUG] relocated to 0000007C
2025-12-20T07:37:44.455Z module [DEBUG] finding symbol (no name)...
2025-12-20T07:37:44.455Z module [DEBUG] symbol found at 0078B120
2025-12-20T07:37:44.456Z module [DEBUG] relocated to 00000078
2025-12-20T07:37:44.456Z module [DEBUG] finding symbol (no name)...
2025-12-20T07:37:44.456Z module [DEBUG] symbol found at 0078B120
2025-12-20T07:37:44.456Z module [DEBUG] relocated to 0000007C
2025-12-20T07:37:44.456Z module [DEBUG] finding symbol (no name)...
2025-12-20T07:37:44.456Z module [DEBUG] symbol found at 0078B120
2025-12-20T07:37:44.457Z module [DEBUG] relocated to 00000070
2025-12-20T07:37:44.457Z module [DEBUG] finding symbol (no name)...
2025-12-20T07:37:44.457Z module [DEBUG] symbol found at 0078B120
2025-12-20T07:37:44.457Z module [DEBUG] relocated to 00000064
2025-12-20T07:37:44.457Z module [DEBUG] finding symbol (no name)...
2025-12-20T07:37:44.457Z module [DEBUG] symbol found at 0078B120
2025-12-20T07:37:44.458Z module [DEBUG] relocated to 00000098
2025-12-20T07:37:44.458Z module [DEBUG] finding symbol (no name)...
2025-12-20T07:37:44.458Z module [DEBUG] symbol found at 0078B120
2025-12-20T07:37:44.458Z module [DEBUG] relocated to 00000064
2025-12-20T07:37:44.458Z module [DEBUG] finding symbol (no name)...
2025-12-20T07:37:44.458Z module [DEBUG] symbol found at 0078B120
2025-12-20T07:37:44.459Z module [DEBUG] relocated to 0000007C
2025-12-20T07:37:44.459Z module [DEBUG] finding symbol (no name)...
2025-12-20T07:37:44.459Z module [DEBUG] symbol found at 0078B120
2025-12-20T07:37:44.459Z module [DEBUG] relocated to 00000068
2025-12-20T07:37:44.459Z module [DEBUG] finding symbol (no name)...
2025-12-20T07:37:44.459Z module [DEBUG] symbol found at 0078B120
2025-12-20T07:37:44.460Z module [DEBUG] relocated to 00000078
2025-12-20T07:37:44.460Z module [DEBUG] finding symbol (no name)...
2025-12-20T07:37:44.460Z module [DEBUG] symbol found at 0078B120
2025-12-20T07:37:44.460Z module [DEBUG] relocated to 00000040
2025-12-20T07:37:44.460Z module [DEBUG] finding symbol (no name)...
2025-12-20T07:37:44.460Z module [DEBUG] symbol found at 0078B120
2025-12-20T07:37:44.461Z module [DEBUG] relocated to 00000078
2025-12-20T07:37:44.461Z module [DEBUG] finding symbol (no name)...
2025-12-20T07:37:44.461Z module [DEBUG] symbol found at 0078B120
2025-12-20T07:37:44.461Z module [DEBUG] relocated to 0000007C
2025-12-20T07:37:44.461Z module [DEBUG] finding symbol (no name)...
2025-12-20T07:37:44.462Z module [DEBUG] symbol found at 0078B120
2025-12-20T07:37:44.462Z module [DEBUG] relocated to 00000078
2025-12-20T07:37:44.462Z module [DEBUG] finding symbol (no name)...
2025-12-20T07:37:44.462Z module [DEBUG] symbol found at 0078B120
2025-12-20T07:37:44.462Z module [DEBUG] relocated to 0000007C
2025-12-20T07:37:44.462Z module [DEBUG] finding symbol (no name)...
2025-12-20T07:37:44.463Z module [DEBUG] symbol found at 0078B120
2025-12-20T07:37:44.463Z module [DEBUG] relocated to 00000038
2025-12-20T07:37:44.463Z module [DEBUG] finding symbol (no name)...
2025-12-20T07:37:44.463Z module [DEBUG] symbol found at 0078B120
2025-12-20T07:37:44.463Z module [DEBUG] relocated to 0000007C
2025-12-20T07:37:44.463Z module [DEBUG] finding symbol (no name)...
2025-12-20T07:37:44.464Z module [DEBUG] symbol found at 0078B120
2025-12-20T07:37:44.464Z module [DEBUG] relocated to 00000078
2025-12-20T07:37:44.464Z module [DEBUG] finding symbol (no name)...
2025-12-20T07:37:44.464Z module [DEBUG] symbol found at 00789EA0
2025-12-20T07:37:44.464Z module [DEBUG] relocated to FFFFF638
2025-12-20T07:37:44.464Z module [DEBUG] finding symbol (no name)...
2025-12-20T07:37:44.465Z module [DEBUG] symbol found at 0078B120
2025-12-20T07:37:44.465Z module [DEBUG] relocated to 00000070
2025-12-20T07:37:44.465Z module [DEBUG] finding symbol (no name)...
2025-12-20T07:37:44.465Z module [DEBUG] symbol found at 0078B120
2025-12-20T07:37:44.465Z module [DEBUG] relocated to 00000064
2025-12-20T07:37:44.465Z module [DEBUG] finding symbol (no name)...
2025-12-20T07:37:44.466Z module [DEBUG] symbol found at 0078B120
2025-12-20T07:37:44.466Z module [DEBUG] relocated to 00000098
2025-12-20T07:37:44.466Z module [DEBUG] finding symbol (no name)...
2025-12-20T07:37:44.466Z module [DEBUG] symbol found at 0078B120
2025-12-20T07:37:44.466Z module [DEBUG] relocated to 00000070
2025-12-20T07:37:44.466Z module [DEBUG] finding symbol (no name)...
2025-12-20T07:37:44.467Z module [DEBUG] symbol found at 0078B120
2025-12-20T07:37:44.467Z module [DEBUG] relocated to 00000064
2025-12-20T07:37:44.467Z module [DEBUG] finding symbol (no name)...
2025-12-20T07:37:44.467Z module [DEBUG] symbol found at 0078B120
2025-12-20T07:37:44.467Z module [DEBUG] relocated to 00000064
2025-12-20T07:37:44.467Z module [DEBUG] finding symbol (no name)...
2025-12-20T07:37:44.468Z module [DEBUG] symbol found at 0078B120
2025-12-20T07:37:44.468Z module [DEBUG] relocated to 00000068
2025-12-20T07:37:44.468Z module [DEBUG] finding symbol (no name)...
2025-12-20T07:37:44.468Z module [DEBUG] symbol found at 0078B120
2025-12-20T07:37:44.468Z module [DEBUG] relocated to 00000074
2025-12-20T07:37:44.468Z module [DEBUG] finding symbol (no name)...
2025-12-20T07:37:44.469Z module [DEBUG] symbol found at 0078B120
2025-12-20T07:37:44.469Z module [DEBUG] relocated to 00000040
2025-12-20T07:37:44.469Z module [DEBUG] finding symbol (no name)...
2025-12-20T07:37:44.469Z module [DEBUG] symbol found at 0078B120
2025-12-20T07:37:44.469Z module [DEBUG] relocated to 00000038
2025-12-20T07:37:44.469Z module [DEBUG] finding symbol (no name)...
2025-12-20T07:37:44.470Z module [DEBUG] symbol found at 0078B120
2025-12-20T07:37:44.470Z module [DEBUG] relocated to 00000040
2025-12-20T07:37:44.470Z module [DEBUG] finding symbol (no name)...
2025-12-20T07:37:44.470Z module [DEBUG] symbol found at 0078B120
2025-12-20T07:37:44.470Z module [DEBUG] relocated to 00000038
2025-12-20T07:37:44.470Z module [DEBUG] finding symbol __x86.get_pc_thunk.bx...
2025-12-20T07:37:44.471Z module [DEBUG] symbol found at 00789E81
2025-12-20T07:37:44.471Z module [DEBUG] relocated to 000007E6
2025-12-20T07:37:44.471Z module [DEBUG] finding symbol _GLOBAL_OFFSET_TABLE_...
2025-12-20T07:37:44.471Z module [DEBUG] symbol found at 0078B0E8
2025-12-20T07:37:44.471Z module [DEBUG] relocated to 00001A4D
2025-12-20T07:37:44.471Z module [DEBUG] finding symbol (no name)...
2025-12-20T07:37:44.472Z module [DEBUG] symbol found at 0078B120
2025-12-20T07:37:44.472Z module [DEBUG] relocated to 00000038
2025-12-20T07:37:44.472Z module [DEBUG] finding symbol (no name)...
2025-12-20T07:37:44.472Z module [DEBUG] symbol found at 00789EA0
2025-12-20T07:37:44.472Z module [DEBUG] relocated to FFFFF590
2025-12-20T07:37:44.472Z module [DEBUG] finding symbol device_find...
2025-12-20T07:37:44.473Z module [DEBUG] symbol found at 00118FC8
2025-12-20T07:37:44.473Z module [DEBUG] type=43, (A:FFFFFFF8 + GOT:0078B0E8) = (0078B0E0) = S:00118FC8
2025-12-20T07:37:44.473Z module [DEBUG] relocated to FFFFFFF8
2025-12-20T07:37:44.473Z module [DEBUG] finding symbol stderr...
2025-12-20T07:37:44.473Z module [DEBUG] symbol found at 0014CD6C
2025-12-20T07:37:44.474Z module [DEBUG] type=43, (A:FFFFFFF0 + GOT:0078B0E8) = (0078B0D8) = S:0014CD6C
2025-12-20T07:37:44.474Z module [DEBUG] relocated to FFFFFFF0
2025-12-20T07:37:44.474Z module [DEBUG] finding symbol (no name)...
2025-12-20T07:37:44.474Z module [DEBUG] symbol found at 00789EA0
2025-12-20T07:37:44.474Z module [DEBUG] relocated to FFFFF597
2025-12-20T07:37:44.475Z module [DEBUG] finding symbol fprintf...
2025-12-20T07:37:44.475Z module [DEBUG] symbol found at 001203E9
2025-12-20T07:37:44.475Z module [DEBUG] type=43, (A:FFFFFFDC + GOT:0078B0E8) = (0078B0C4) = S:001203E9
2025-12-20T07:37:44.475Z module [DEBUG] relocated to FFFFFFDC
2025-12-20T07:37:44.475Z module [DEBUG] finding symbol (no name)...
2025-12-20T07:37:44.475Z module [DEBUG] symbol found at 0078B120
2025-12-20T07:37:44.476Z module [DEBUG] relocated to 00000038
2025-12-20T07:37:44.476Z module [DEBUG] finding symbol (no name)...
2025-12-20T07:37:44.476Z module [DEBUG] symbol found at 0078B120
2025-12-20T07:37:44.476Z module [DEBUG] relocated to 00000038
2025-12-20T07:37:44.476Z module [DEBUG] finding symbol (no name)...
2025-12-20T07:37:44.476Z module [DEBUG] symbol found at 0078B120
2025-12-20T07:37:44.477Z module [DEBUG] relocated to 0000003C
2025-12-20T07:37:44.477Z module [DEBUG] finding symbol (no name)...
2025-12-20T07:37:44.477Z module [DEBUG] symbol found at 00789EA0
2025-12-20T07:37:44.477Z module [DEBUG] relocated to FFFFF5AF
2025-12-20T07:37:44.477Z module [DEBUG] finding symbol stderr...
2025-12-20T07:37:44.478Z module [DEBUG] symbol found at 0014CD6C
2025-12-20T07:37:44.478Z module [DEBUG] type=43, (A:FFFFFFF0 + GOT:0078B0E8) = (0078B0D8) = S:0014CD6C
2025-12-20T07:37:44.478Z module [DEBUG] relocated to FFFFFFF0
2025-12-20T07:37:44.478Z module [DEBUG] finding symbol (no name)...
2025-12-20T07:37:44.478Z module [DEBUG] symbol found at 00789EA0
2025-12-20T07:37:44.478Z module [DEBUG] relocated to FFFFF5B8
2025-12-20T07:37:44.479Z module [DEBUG] finding symbol fprintf...
2025-12-20T07:37:44.479Z module [DEBUG] symbol found at 001203E9
2025-12-20T07:37:44.479Z module [DEBUG] type=43, (A:FFFFFFDC + GOT:0078B0E8) = (0078B0C4) = S:001203E9
2025-12-20T07:37:44.479Z module [DEBUG] relocated to FFFFFFDC
2025-12-20T07:37:44.479Z module [DEBUG] finding symbol (no name)...
2025-12-20T07:37:44.480Z module [DEBUG] symbol found at 0078B120
2025-12-20T07:37:44.480Z module [DEBUG] relocated to 00000038
2025-12-20T07:37:44.480Z module [DEBUG] finding symbol (no name)...
2025-12-20T07:37:44.480Z module [DEBUG] symbol found at 0078B120
2025-12-20T07:37:44.480Z module [DEBUG] relocated to 00000038
2025-12-20T07:37:44.480Z module [DEBUG] finding symbol (no name)...
2025-12-20T07:37:44.481Z module [DEBUG] symbol found at 0078B120
2025-12-20T07:37:44.481Z module [DEBUG] relocated to 00000040
2025-12-20T07:37:44.481Z module [DEBUG] finding symbol (no name)...
2025-12-20T07:37:44.481Z module [DEBUG] symbol found at 00789EA0
2025-12-20T07:37:44.481Z module [DEBUG] relocated to FFFFF5DE
2025-12-20T07:37:44.481Z module [DEBUG] finding symbol stderr...
2025-12-20T07:37:44.482Z module [DEBUG] symbol found at 0014CD6C
2025-12-20T07:37:44.482Z module [DEBUG] type=43, (A:FFFFFFF0 + GOT:0078B0E8) = (0078B0D8) = S:0014CD6C
2025-12-20T07:37:44.482Z module [DEBUG] relocated to FFFFFFF0
2025-12-20T07:37:44.482Z module [DEBUG] finding symbol (no name)...
2025-12-20T07:37:44.482Z module [DEBUG] symbol found at 00789EA0
2025-12-20T07:37:44.483Z module [DEBUG] relocated to FFFFF5B8
2025-12-20T07:37:44.483Z module [DEBUG] finding symbol fprintf...
2025-12-20T07:37:44.483Z module [DEBUG] symbol found at 001203E9
2025-12-20T07:37:44.483Z module [DEBUG] type=43, (A:FFFFFFDC + GOT:0078B0E8) = (0078B0C4) = S:001203E9
2025-12-20T07:37:44.483Z module [DEBUG] relocated to FFFFFFDC
2025-12-20T07:37:44.483Z module [DEBUG] finding symbol (no name)...
2025-12-20T07:37:44.484Z module [DEBUG] symbol found at 0078B120
2025-12-20T07:37:44.484Z module [DEBUG] relocated to 00000044
2025-12-20T07:37:44.484Z module [DEBUG] finding symbol (no name)...
2025-12-20T07:37:44.484Z module [DEBUG] symbol found at 00789EA0
2025-12-20T07:37:44.484Z module [DEBUG] relocated to FFFFF5EA
2025-12-20T07:37:44.484Z module [DEBUG] finding symbol device_find...
2025-12-20T07:37:44.485Z module [DEBUG] symbol found at 00118FC8
2025-12-20T07:37:44.485Z module [DEBUG] type=43, (A:FFFFFFF8 + GOT:0078B0E8) = (0078B0E0) = S:00118FC8
2025-12-20T07:37:44.485Z module [DEBUG] relocated to FFFFFFF8
2025-12-20T07:37:44.485Z module [DEBUG] finding symbol stderr...
2025-12-20T07:37:44.485Z module [DEBUG] symbol found at 0014CD6C
2025-12-20T07:37:44.486Z module [DEBUG] type=43, (A:FFFFFFF0 + GOT:0078B0E8) = (0078B0D8) = S:0014CD6C
2025-12-20T07:37:44.486Z module [DEBUG] relocated to FFFFFFF0
2025-12-20T07:37:44.486Z module [DEBUG] finding symbol (no name)...
2025-12-20T07:37:44.486Z module [DEBUG] symbol found at 00789EA0
2025-12-20T07:37:44.486Z module [DEBUG] relocated to FFFFF597
2025-12-20T07:37:44.487Z module [DEBUG] finding symbol fprintf...
2025-12-20T07:37:44.487Z module [DEBUG] symbol found at 001203E9
2025-12-20T07:37:44.487Z module [DEBUG] type=43, (A:FFFFFFDC + GOT:0078B0E8) = (0078B0C4) = S:001203E9
2025-12-20T07:37:44.487Z module [DEBUG] relocated to FFFFFFDC
2025-12-20T07:37:44.487Z module [DEBUG] finding symbol (no name)...
2025-12-20T07:37:44.488Z module [DEBUG] symbol found at 0078B120
2025-12-20T07:37:44.488Z module [DEBUG] relocated to 00000044
2025-12-20T07:37:44.488Z module [DEBUG] finding symbol (no name)...
2025-12-20T07:37:44.488Z module [DEBUG] symbol found at 0078B120
2025-12-20T07:37:44.488Z module [DEBUG] relocated to 00000044
2025-12-20T07:37:44.488Z module [DEBUG] finding symbol (no name)...
2025-12-20T07:37:44.489Z module [DEBUG] symbol found at 0078B120
2025-12-20T07:37:44.489Z module [DEBUG] relocated to 00000048
2025-12-20T07:37:44.489Z module [DEBUG] finding symbol (no name)...
2025-12-20T07:37:44.489Z module [DEBUG] symbol found at 00789EA0
2025-12-20T07:37:44.489Z module [DEBUG] relocated to FFFFF5EF
2025-12-20T07:37:44.489Z module [DEBUG] finding symbol stderr...
2025-12-20T07:37:44.490Z module [DEBUG] symbol found at 0014CD6C
2025-12-20T07:37:44.490Z module [DEBUG] type=43, (A:FFFFFFF0 + GOT:0078B0E8) = (0078B0D8) = S:0014CD6C
2025-12-20T07:37:44.490Z module [DEBUG] relocated to FFFFFFF0
2025-12-20T07:37:44.490Z module [DEBUG] finding symbol (no name)...
2025-12-20T07:37:44.490Z module [DEBUG] symbol found at 00789EA0
2025-12-20T07:37:44.491Z module [DEBUG] relocated to FFFFF5B8
2025-12-20T07:37:44.491Z module [DEBUG] finding symbol fprintf...
2025-12-20T07:37:44.491Z module [DEBUG] symbol found at 001203E9
2025-12-20T07:37:44.491Z module [DEBUG] type=43, (A:FFFFFFDC + GOT:0078B0E8) = (0078B0C4) = S:001203E9
2025-12-20T07:37:44.491Z module [DEBUG] relocated to FFFFFFDC
2025-12-20T07:37:44.491Z module [DEBUG] finding symbol (no name)...
2025-12-20T07:37:44.492Z module [DEBUG] symbol found at 0078B120
2025-12-20T07:37:44.492Z module [DEBUG] relocated to 0000004C
2025-12-20T07:37:44.492Z module [DEBUG] finding symbol (no name)...
2025-12-20T07:37:44.492Z module [DEBUG] symbol found at 00789EA0
2025-12-20T07:37:44.492Z module [DEBUG] relocated to FFFFF5F3
2025-12-20T07:37:44.492Z module [DEBUG] finding symbol device_find...
2025-12-20T07:37:44.493Z module [DEBUG] symbol found at 00118FC8
2025-12-20T07:37:44.493Z module [DEBUG] type=43, (A:FFFFFFF8 + GOT:0078B0E8) = (0078B0E0) = S:00118FC8
2025-12-20T07:37:44.493Z module [DEBUG] relocated to FFFFFFF8
2025-12-20T07:37:44.493Z module [DEBUG] finding symbol (no name)...
2025-12-20T07:37:44.493Z module [DEBUG] symbol found at 0078B120
2025-12-20T07:37:44.494Z module [DEBUG] relocated to 0000004C
2025-12-20T07:37:44.494Z module [DEBUG] finding symbol (no name)...
2025-12-20T07:37:44.494Z module [DEBUG] symbol found at 0078B120
2025-12-20T07:37:44.494Z module [DEBUG] relocated to 0000004C
2025-12-20T07:37:44.494Z module [DEBUG] finding symbol (no name)...
2025-12-20T07:37:44.494Z module [DEBUG] symbol found at 0078B120
2025-12-20T07:37:44.495Z module [DEBUG] relocated to 0000004C
2025-12-20T07:37:44.495Z module [DEBUG] finding symbol (no name)...
2025-12-20T07:37:44.495Z module [DEBUG] symbol found at 0078B120
2025-12-20T07:37:44.495Z module [DEBUG] relocated to 0000004C
2025-12-20T07:37:44.495Z module [DEBUG] finding symbol (no name)...
2025-12-20T07:37:44.495Z module [DEBUG] symbol found at 0078B120
2025-12-20T07:37:44.496Z module [DEBUG] relocated to 00000050
2025-12-20T07:37:44.496Z module [DEBUG] finding symbol (no name)...
2025-12-20T07:37:44.496Z module [DEBUG] symbol found at 00789EA0
2025-12-20T07:37:44.496Z module [DEBUG] relocated to FFFFF5EF
2025-12-20T07:37:44.496Z module [DEBUG] finding symbol stderr...
2025-12-20T07:37:44.497Z module [DEBUG] symbol found at 0014CD6C
2025-12-20T07:37:44.497Z module [DEBUG] type=43, (A:FFFFFFF0 + GOT:0078B0E8) = (0078B0D8) = S:0014CD6C
2025-12-20T07:37:44.497Z module [DEBUG] relocated to FFFFFFF0
2025-12-20T07:37:44.497Z module [DEBUG] finding symbol (no name)...
2025-12-20T07:37:44.497Z module [DEBUG] symbol found at 00789EA0
2025-12-20T07:37:44.497Z module [DEBUG] relocated to FFFFF5B8
2025-12-20T07:37:44.498Z module [DEBUG] finding symbol fprintf...
2025-12-20T07:37:44.498Z module [DEBUG] symbol found at 001203E9
2025-12-20T07:37:44.498Z module [DEBUG] type=43, (A:FFFFFFDC + GOT:0078B0E8) = (0078B0C4) = S:001203E9
2025-12-20T07:37:44.498Z module [DEBUG] relocated to FFFFFFDC
2025-12-20T07:37:44.498Z module [DEBUG] finding symbol (no name)...
2025-12-20T07:37:44.498Z module [DEBUG] symbol found at 0078B120
2025-12-20T07:37:44.499Z module [DEBUG] relocated to 00000040
2025-12-20T07:37:44.499Z module [DEBUG] finding symbol (no name)...
2025-12-20T07:37:44.499Z module [DEBUG] symbol found at 0078B120
2025-12-20T07:37:44.499Z module [DEBUG] relocated to 00000038
2025-12-20T07:37:44.499Z module [DEBUG] finding symbol (no name)...
2025-12-20T07:37:44.500Z module [DEBUG] symbol found at 0078B120
2025-12-20T07:37:44.500Z module [DEBUG] relocated to 00000070
2025-12-20T07:37:44.500Z module [DEBUG] finding symbol (no name)...
2025-12-20T07:37:44.500Z module [DEBUG] symbol found at 0078B120
2025-12-20T07:37:44.500Z module [DEBUG] relocated to 0000003C
2025-12-20T07:37:44.500Z module [DEBUG] finding symbol (no name)...
2025-12-20T07:37:44.501Z module [DEBUG] symbol found at 0078B120
2025-12-20T07:37:44.501Z module [DEBUG] relocated to 00000038
2025-12-20T07:37:44.501Z module [DEBUG] finding symbol (no name)...
2025-12-20T07:37:44.501Z module [DEBUG] symbol found at 0078B120
2025-12-20T07:37:44.501Z module [DEBUG] relocated to 00000054
2025-12-20T07:37:44.501Z module [DEBUG] finding symbol (no name)...
2025-12-20T07:37:44.502Z module [DEBUG] symbol found at 0078B120
2025-12-20T07:37:44.502Z module [DEBUG] relocated to 0000003C
2025-12-20T07:37:44.502Z module [DEBUG] finding symbol (no name)...
2025-12-20T07:37:44.502Z module [DEBUG] symbol found at 0078B120
2025-12-20T07:37:44.502Z module [DEBUG] relocated to 00000054
2025-12-20T07:37:44.502Z module [DEBUG] finding symbol (no name)...
2025-12-20T07:37:44.503Z module [DEBUG] symbol found at 0078B120
2025-12-20T07:37:44.503Z module [DEBUG] relocated to 00000038
2025-12-20T07:37:44.503Z module [DEBUG] finding symbol (no name)...
2025-12-20T07:37:44.503Z module [DEBUG] symbol found at 0078B120
2025-12-20T07:37:44.503Z module [DEBUG] relocated to 00000058
2025-12-20T07:37:44.503Z module [DEBUG] finding symbol (no name)...
2025-12-20T07:37:44.504Z module [DEBUG] symbol found at 0078B120
2025-12-20T07:37:44.504Z module [DEBUG] relocated to 00000068
2025-12-20T07:37:44.504Z module [DEBUG] finding symbol (no name)...
2025-12-20T07:37:44.504Z module [DEBUG] symbol found at 0078B120
2025-12-20T07:37:44.504Z module [DEBUG] relocated to 00000064
2025-12-20T07:37:44.504Z module [DEBUG] finding symbol (no name)...
2025-12-20T07:37:44.505Z module [DEBUG] symbol found at 0078B120
2025-12-20T07:37:44.505Z module [DEBUG] relocated to 00000068
2025-12-20T07:37:44.505Z module [DEBUG] finding symbol (no name)...
2025-12-20T07:37:44.505Z module [DEBUG] symbol found at 0078B120
2025-12-20T07:37:44.505Z module [DEBUG] relocated to 00000064
2025-12-20T07:37:44.505Z module [DEBUG] finding symbol draw_circle...
2025-12-20T07:37:44.506Z module [DEBUG] symbol found at 0078784C
2025-12-20T07:37:44.506Z module [DEBUG] relocated to FFFFDE56
2025-12-20T07:37:44.506Z module [DEBUG] finding symbol draw_ellipse_rect...
2025-12-20T07:37:44.506Z module [DEBUG] symbol found at 00787BB1
2025-12-20T07:37:44.506Z module [DEBUG] relocated to FFFFE193
2025-12-20T07:37:44.507Z module [DEBUG] finding symbol draw_bezier2...
2025-12-20T07:37:44.507Z module [DEBUG] symbol found at 007882C8
2025-12-20T07:37:44.507Z module [DEBUG] relocated to FFFFE87A
2025-12-20T07:37:44.507Z module [DEBUG] finding symbol (no name)...
2025-12-20T07:37:44.507Z module [DEBUG] symbol found at 0078B120
2025-12-20T07:37:44.507Z module [DEBUG] relocated to 00000040
2025-12-20T07:37:44.508Z module [DEBUG] finding symbol (no name)...
2025-12-20T07:37:44.508Z module [DEBUG] symbol found at 0078B120
2025-12-20T07:37:44.508Z module [DEBUG] relocated to 00000068
2025-12-20T07:37:44.508Z module [DEBUG] finding symbol (no name)...
2025-12-20T07:37:44.508Z module [DEBUG] symbol found at 0078B120
2025-12-20T07:37:44.508Z module [DEBUG] relocated to 00000064
2025-12-20T07:37:44.509Z module [DEBUG] finding symbol (no name)...
2025-12-20T07:37:44.509Z module [DEBUG] symbol found at 0078B120
2025-12-20T07:37:44.509Z module [DEBUG] relocated to 00000038
2025-12-20T07:37:44.509Z module [DEBUG] finding symbol (no name)...
2025-12-20T07:37:44.509Z module [DEBUG] symbol found at 0078B120
2025-12-20T07:37:44.509Z module [DEBUG] relocated to 00000040
2025-12-20T07:37:44.509Z module [DEBUG] finding symbol (no name)...
2025-12-20T07:37:44.510Z module [DEBUG] symbol found at 0078B120
2025-12-20T07:37:44.510Z module [DEBUG] relocated to 00000038
2025-12-20T07:37:44.510Z module [DEBUG] finding symbol (no name)...
2025-12-20T07:37:44.510Z module [DEBUG] symbol found at 0078B120
2025-12-20T07:37:44.510Z module [DEBUG] relocated to 0000004C
2025-12-20T07:37:44.511Z module [DEBUG] finding symbol (no name)...
2025-12-20T07:37:44.511Z module [DEBUG] symbol found at 0078B120
2025-12-20T07:37:44.511Z module [DEBUG] relocated to 00000064
2025-12-20T07:37:44.511Z module [DEBUG] finding symbol (no name)...
2025-12-20T07:37:44.511Z module [DEBUG] symbol found at 0078B120
2025-12-20T07:37:44.511Z module [DEBUG] relocated to 00000068
2025-12-20T07:37:44.512Z module [DEBUG] finding symbol (no name)...
2025-12-20T07:37:44.512Z module [DEBUG] symbol found at 0078B120
2025-12-20T07:37:44.512Z module [DEBUG] relocated to 00000048
2025-12-20T07:37:44.512Z module [DEBUG] finding symbol (no name)...
2025-12-20T07:37:44.512Z module [DEBUG] symbol found at 0078B120
2025-12-20T07:37:44.512Z module [DEBUG] relocated to 00000044
2025-12-20T07:37:44.513Z module [DEBUG] finding symbol (no name)...
2025-12-20T07:37:44.513Z module [DEBUG] symbol found at 0078B120
2025-12-20T07:37:44.513Z module [DEBUG] relocated to 0000004C
2025-12-20T07:37:44.513Z module [DEBUG] finding symbol (no name)...
2025-12-20T07:37:44.513Z module [DEBUG] symbol found at 0078B120
2025-12-20T07:37:44.513Z module [DEBUG] relocated to 00000050
2025-12-20T07:37:44.514Z module [DEBUG] finding symbol (no name)...
2025-12-20T07:37:44.514Z module [DEBUG] symbol found at 0078B120
2025-12-20T07:37:44.514Z module [DEBUG] relocated to 0000004C
2025-12-20T07:37:44.514Z module [DEBUG] finding symbol draw_bezier3...
2025-12-20T07:37:44.514Z module [DEBUG] symbol found at 00788664
2025-12-20T07:37:44.514Z module [DEBUG] relocated to FFFFE9DB
2025-12-20T07:37:44.515Z module [DEBUG] finding symbol (no name)...
2025-12-20T07:37:44.515Z module [DEBUG] symbol found at 0078B120
2025-12-20T07:37:44.515Z module [DEBUG] relocated to 00000040
2025-12-20T07:37:44.515Z module [DEBUG] finding symbol (no name)...
2025-12-20T07:37:44.515Z module [DEBUG] symbol found at 0078B120
2025-12-20T07:37:44.515Z module [DEBUG] relocated to 00000068
2025-12-20T07:37:44.516Z module [DEBUG] finding symbol (no name)...
2025-12-20T07:37:44.516Z module [DEBUG] symbol found at 0078B120
2025-12-20T07:37:44.516Z module [DEBUG] relocated to 00000064
2025-12-20T07:37:44.516Z module [DEBUG] finding symbol (no name)...
2025-12-20T07:37:44.516Z module [DEBUG] symbol found at 0078B120
2025-12-20T07:37:44.516Z module [DEBUG] relocated to 00000038
2025-12-20T07:37:44.517Z module [DEBUG] finding symbol (no name)...
2025-12-20T07:37:44.517Z module [DEBUG] symbol found at 0078B120
2025-12-20T07:37:44.517Z module [DEBUG] relocated to 00000040
2025-12-20T07:37:44.517Z module [DEBUG] finding symbol (no name)...
2025-12-20T07:37:44.517Z module [DEBUG] symbol found at 0078B120
2025-12-20T07:37:44.518Z module [DEBUG] relocated to 00000038
2025-12-20T07:37:44.518Z module [DEBUG] finding symbol (no name)...
2025-12-20T07:37:44.518Z module [DEBUG] symbol found at 0078B120
2025-12-20T07:37:44.518Z module [DEBUG] relocated to 00000064
2025-12-20T07:37:44.518Z module [DEBUG] finding symbol (no name)...
2025-12-20T07:37:44.518Z module [DEBUG] symbol found at 0078B120
2025-12-20T07:37:44.519Z module [DEBUG] relocated to 00000064
2025-12-20T07:37:44.519Z module [DEBUG] finding symbol (no name)...
2025-12-20T07:37:44.519Z module [DEBUG] symbol found at 0078B120
2025-12-20T07:37:44.519Z module [DEBUG] relocated to 00000068
2025-12-20T07:37:44.519Z module [DEBUG] finding symbol (no name)...
2025-12-20T07:37:44.519Z module [DEBUG] symbol found at 0078B120
2025-12-20T07:37:44.520Z module [DEBUG] relocated to 00000068
2025-12-20T07:37:44.520Z module [DEBUG] finding symbol (no name)...
2025-12-20T07:37:44.520Z module [DEBUG] symbol found at 00789EA0
2025-12-20T07:37:44.520Z module [DEBUG] relocated to FFFFF5FA
2025-12-20T07:37:44.520Z module [DEBUG] finding symbol shell_execute...
2025-12-20T07:37:44.520Z module [DEBUG] symbol found at 00127B95
2025-12-20T07:37:44.521Z module [DEBUG] type=43, (A:FFFFFFE4 + GOT:0078B0E8) = (0078B0CC) = S:00127B95
2025-12-20T07:37:44.521Z module [DEBUG] relocated to FFFFFFE4
2025-12-20T07:37:44.521Z module [DEBUG] finding symbol __x86.get_pc_thunk.ax...
2025-12-20T07:37:44.521Z module [DEBUG] symbol found at 00789E7D
2025-12-20T07:37:44.521Z module [DEBUG] relocated to 00000055
2025-12-20T07:37:44.522Z module [DEBUG] finding symbol _GLOBAL_OFFSET_TABLE_...
2025-12-20T07:37:44.522Z module [DEBUG] symbol found at 0078B0E8
2025-12-20T07:37:44.522Z module [DEBUG] relocated to 000012C0
2025-12-20T07:37:44.522Z module [DEBUG] finding symbol (no name)...
2025-12-20T07:37:44.522Z module [DEBUG] symbol found at 0078B0F4
2025-12-20T07:37:44.523Z module [DEBUG] relocated to 0000000C
2025-12-20T07:37:44.523Z module [DEBUG] finding symbol shell_command_register...
2025-12-20T07:37:44.523Z module [DEBUG] symbol found at 00127D83
2025-12-20T07:37:44.523Z module [DEBUG] type=43, (A:FFFFFFE8 + GOT:0078B0E8) = (0078B0D0) = S:00127D83
2025-12-20T07:37:44.523Z module [DEBUG] relocated to FFFFFFE8
2025-12-20T07:37:44.524Z module [DEBUG] finding symbol __x86.get_pc_thunk.ax...
2025-12-20T07:37:44.524Z module [DEBUG] symbol found at 00789E7D
2025-12-20T07:37:44.524Z module [DEBUG] relocated to 00000032
2025-12-20T07:37:44.524Z module [DEBUG] finding symbol _GLOBAL_OFFSET_TABLE_...
2025-12-20T07:37:44.524Z module [DEBUG] symbol found at 0078B0E8
2025-12-20T07:37:44.524Z module [DEBUG] relocated to 0000129D
2025-12-20T07:37:44.525Z module [DEBUG] finding symbol __x86.get_pc_thunk.ax...
2025-12-20T07:37:44.525Z module [DEBUG] symbol found at 00789E7D
2025-12-20T07:37:44.525Z module [DEBUG] relocated to 0000001B
2025-12-20T07:37:44.525Z module [DEBUG] finding symbol _GLOBAL_OFFSET_TABLE_...
2025-12-20T07:37:44.525Z module [DEBUG] symbol found at 0078B0E8
2025-12-20T07:37:44.525Z module [DEBUG] relocated to 00001286
2025-12-20T07:37:44.526Z module [DEBUG] finding symbol (no name)...
2025-12-20T07:37:44.526Z module [DEBUG] symbol found at 0078B0F4
2025-12-20T07:37:44.526Z module [DEBUG] relocated to 0000000C
2025-12-20T07:37:44.526Z module [DEBUG] finding symbol shell_command_unregister...
2025-12-20T07:37:44.526Z module [DEBUG] symbol found at 00127DC6
2025-12-20T07:37:44.527Z module [DEBUG] type=43, (A:FFFFFFF4 + GOT:0078B0E8) = (0078B0DC) = S:00127DC6
2025-12-20T07:37:44.527Z module [DEBUG] relocated to FFFFFFF4
2025-12-20T07:37:44.527Z module [DEBUG] loading section .note.eboot...
2025-12-20T07:37:44.528Z module [DEBUG] reading metadata...
2025-12-20T07:37:44.528Z module [DEBUG] executing constructor functions...
2025-12-20T07:37:44.529Z module [DEBUG] executing entry point...
